[INFO] [2025-04-19 04:15:15] [pool-1-thread-4] Starting to parse PGN file: src/testPgns/WikiExample.pgn
[INFO] [2025-04-19 04:15:15] [pool-1-thread-2] Starting to parse PGN file: src/testPgns/customGame.pgn
[INFO] [2025-04-19 04:15:15] [pool-1-thread-1] Starting to parse PGN file: src/testPgns/Philidor.pgn
[INFO] [2025-04-19 04:15:15] [pool-1-thread-3] Starting to parse PGN file: src/testPgns/Chess Lessons.pgn
[WARNING] [2025-04-19 04:15:15] [pool-1-thread-1] Game #1 contains inconsistencies at move 2. Expected 2 moves but found 3: Bc4 ,op Bc5 
[WARNING] [2025-04-19 04:15:15] [pool-1-thread-1] Full game text that will be omitted: 1.e44 e5 2.Bc4 ,op Bc5 3.c3 ,sa Nf6 4.d4 exd4 5.cxd4 Bb6 6.Nc3 O-O 7.Nge2 c6 8.Bd3 d5 9.e5 Ne8 10.Be3 f6 11.Qd2 fxe5 12.dxe5 Be6 13.Nf4 Qe7 14.Bxb6 axb6 15.O-O Nd7 16.Nxe6 Qxe6 17.f4 Nc7 18.Rae1 g6 19.h3 d4 20.Ne4 h6 21.b3 b5 22.g4 Nd5 23.Ng3 Ne3 24.Rxe3 dxe3 25.Qxe3 Rxa2 26.Re1 Qxb3 27.Qe4 Qe6 28.f5 gxf5 29.gxf5 Qd5 30.Qxd5+ cxd5 31.Bxb5 Nb6 32.f6 Rb2 33.Bd3 Kf7 34.Bf5 Nc4 35.Nh5 Rg8+ 36.Bg4 Nd2 37.e6+ Kg6 38.f7 Rf8 39.Nf4+ Kg7 40.Bh5 1-0 
[WARNING] [2025-04-19 04:15:15] [pool-1-thread-1] Game #2 contains inconsistencies at move 40. Expected 2 moves but found 3: Kg22 Rxf4 ??? 
[WARNING] [2025-04-19 04:15:15] [pool-1-thread-1] Full game text that will be omitted: 1.e4 e5 2.Bc4 c6 3.Qe2 d6 4.c3 f5 5.d3 Nf6 6.Qf5 Bxf5 7.d4 e4 8.Bg5 d5 9.Bb3 Bd6 10.Nd2 Nbd7 11.h3 h6 12.Be3 Qe7 13.f4 h5 14.c4 a6 15.cxd5 cxd5 16.Qf2 O-O 17.Ne2 b5 18.O-O Nb6 19.Ng3 g6 20.Rac1 Nc4 21.Nxf5 gxf5 22.Qg3+ Qg7 23.Qxg7+ Kxg7 24.Bxc4 bxc4 25.g3 Rab8 26.b3 Ba3 27.Rc2 cxb3 28.axb3 Rxc8 29.Rxc8 Rxc8 30.Ra1 Bb4 31.Rxa6 Rc3 32.Kf2 Rd3 33.Ra2 Bxd2 34.Rxd2 Rxb3 35.Rc2 h4 36.Rc7+ Kg6 37.gxh4 Nh5 38.Rd7 Nxf4 39.Bxf4 Rf3+ 40.Kg22 Rxf4 ??? 41.Rxd5 Rf3 42.Rd8 Rd3 43.d5 f4 44.d6 Rd2+ 45.Kf1 Kf7 46.h5 e3 47.h6 f3 1-0 
[WARNING] [2025-04-19 04:15:15] [pool-1-thread-3] Game #1 contains inconsistencies at move 3. Expected 2 moves but found 1: Bb5 
[WARNING] [2025-04-19 04:15:15] [pool-1-thread-3] Full game text that will be omitted: 1.e0 e5 2.Nf3 Nc6 3.Bb5 {This opening is called the Ruy Lopez.} 3...a6 4.Ba4 Nf6 5.O-O Be7 6.Re1 b5 7.Bb3 d6 8.c3 O-O 9.h3 Nb8 10.d4 Nbd7 11.c4 c6 12.cxb5 axb5 13.Nc3 Bb7 14.Bg5 b4 15.Nb1 h6 16.Bh4 c5 17.dxe5 Nxe4 18.Bxe7 Qxe7 19.exd6 Qf6 20.Nbd2 Nxd6 21.Nc4 Nxc4 22.Bxc4 Nb6 23.Ne5 Rae8 24.Bxf7+ Rxf7 25.Nxf7 Rxe1+ 26.Qxe1 Kxf7 27.Qe3 Qg5 28.Qxg5 hxg5 29.b3 Ke6 30.a3 Kd6 31.axb4 cxb4 32.Ra5 Nd5 33.f3 Bc8 34.Kf2 Bf5 35.Ra7 g6 36.Ra6+ Ke6 37.Ke1 Nf4 38.g3 Nxh3 39.Kd2 Kb5 40.Rd6 Ke6 41.Ra6 Nf2 42.g4 Bd3 43.Re6 1/2-1/2 
[INFO] [2025-04-19 04:15:15] [pool-1-thread-1] Game #3 was successfully parsed with 88 moves
[INFO] [2025-04-19 04:15:15] [pool-1-thread-2] Game #1 was successfully parsed with 54 moves
[INFO] [2025-04-19 04:15:15] [pool-1-thread-4] Game #1 was successfully parsed with 82 moves
[INFO] [2025-04-19 04:15:15] [pool-1-thread-4] Completed parsing PGN file. Successfully parsed 1 games.
[INFO] [2025-04-19 04:15:15] [pool-1-thread-2] Completed parsing PGN file. Successfully parsed 1 games.
[INFO] [2025-04-19 04:15:15] [pool-1-thread-3] Completed parsing PGN file. Successfully parsed 0 games.
[INFO] [2025-04-19 04:15:15] [pool-1-thread-1] Game #4 was successfully parsed with 79 moves
[INFO] [2025-04-19 04:15:15] [pool-1-thread-1] Game #5 was successfully parsed with 79 moves
[WARNING] [2025-04-19 04:15:15] [pool-1-thread-1] Game #6 contains inconsistencies in last move. Expected 1 or 2 moves but found 3: Kh3 e2 e3 
[WARNING] [2025-04-19 04:15:15] [pool-1-thread-1] Full game text that will be omitted: 1.e4 c5 2.f4 e6 3.Nf3 Nc6 4.c3 d5 5.e5 f5 6.d4 Nh6 7.a3 Nf7 8.Be3 Qb6 9.Qd2 Bd7 10.Qf2 c4 11.Bxc4 dxc4 12.d5 Qc7 13.dxc6 Bxc6 14.Bxa7 Bxf3 15.gxf3 g5 16.Be3 gxf4 17.Bxf4 Nxe5 18.Bxe5 Qxe5+ 19.Qe2 Qxe2+ 20.Kxe2 h5 21.Nd2 Rc8 22.Rhg1 Kf7 23.Rg2 Be7 24.Rag1 Bf6 25.Nf1 e5 26.Ne3 Ke6 27.Rd1 Rhg8 28.Rxg8 Rxg8 29.Nxc4 Rg2+ 30.Kd3 Rxh2 31.Rd2 Rh3 32.Ke2 b5 33.Ne3 Rh2+ 34.Ke1 Rxd2 35.Kxd2 Bg5 36.Ke2 Bxe3 37.Kxe3 h4 38.Kf2 e4 39.Kg2 e3 40.Kh3 e2 e3 0-1 
[INFO] [2025-04-19 04:15:15] [pool-1-thread-1] Completed parsing PGN file. Successfully parsed 3 games.
[INFO] [2025-04-19 04:15:22] [main] Starting to parse PGN file: src/testPgns/Philidor.pgn
[WARNING] [2025-04-19 04:15:22] [main] Game #1 contains inconsistencies at move 2. Expected 2 moves but found 3: Bc4 ,op Bc5 
[WARNING] [2025-04-19 04:15:22] [main] Full game text that will be omitted: 1.e44 e5 2.Bc4 ,op Bc5 3.c3 ,sa Nf6 4.d4 exd4 5.cxd4 Bb6 6.Nc3 O-O 7.Nge2 c6 8.Bd3 d5 9.e5 Ne8 10.Be3 f6 11.Qd2 fxe5 12.dxe5 Be6 13.Nf4 Qe7 14.Bxb6 axb6 15.O-O Nd7 16.Nxe6 Qxe6 17.f4 Nc7 18.Rae1 g6 19.h3 d4 20.Ne4 h6 21.b3 b5 22.g4 Nd5 23.Ng3 Ne3 24.Rxe3 dxe3 25.Qxe3 Rxa2 26.Re1 Qxb3 27.Qe4 Qe6 28.f5 gxf5 29.gxf5 Qd5 30.Qxd5+ cxd5 31.Bxb5 Nb6 32.f6 Rb2 33.Bd3 Kf7 34.Bf5 Nc4 35.Nh5 Rg8+ 36.Bg4 Nd2 37.e6+ Kg6 38.f7 Rf8 39.Nf4+ Kg7 40.Bh5 1-0 
[WARNING] [2025-04-19 04:15:22] [main] Game #2 contains inconsistencies at move 40. Expected 2 moves but found 3: Kg22 Rxf4 ??? 
[WARNING] [2025-04-19 04:15:22] [main] Full game text that will be omitted: 1.e4 e5 2.Bc4 c6 3.Qe2 d6 4.c3 f5 5.d3 Nf6 6.Qf5 Bxf5 7.d4 e4 8.Bg5 d5 9.Bb3 Bd6 10.Nd2 Nbd7 11.h3 h6 12.Be3 Qe7 13.f4 h5 14.c4 a6 15.cxd5 cxd5 16.Qf2 O-O 17.Ne2 b5 18.O-O Nb6 19.Ng3 g6 20.Rac1 Nc4 21.Nxf5 gxf5 22.Qg3+ Qg7 23.Qxg7+ Kxg7 24.Bxc4 bxc4 25.g3 Rab8 26.b3 Ba3 27.Rc2 cxb3 28.axb3 Rxc8 29.Rxc8 Rxc8 30.Ra1 Bb4 31.Rxa6 Rc3 32.Kf2 Rd3 33.Ra2 Bxd2 34.Rxd2 Rxb3 35.Rc2 h4 36.Rc7+ Kg6 37.gxh4 Nh5 38.Rd7 Nxf4 39.Bxf4 Rf3+ 40.Kg22 Rxf4 ??? 41.Rxd5 Rf3 42.Rd8 Rd3 43.d5 f4 44.d6 Rd2+ 45.Kf1 Kf7 46.h5 e3 47.h6 f3 1-0 
[INFO] [2025-04-19 04:15:22] [main] Game #3 was successfully parsed with 88 moves
[INFO] [2025-04-19 04:15:22] [main] Game #4 was successfully parsed with 79 moves
[INFO] [2025-04-19 04:15:22] [main] Game #5 was successfully parsed with 79 moves
[WARNING] [2025-04-19 04:15:22] [main] Game #6 contains inconsistencies in last move. Expected 1 or 2 moves but found 3: Kh3 e2 e3 
[WARNING] [2025-04-19 04:15:22] [main] Full game text that will be omitted: 1.e4 c5 2.f4 e6 3.Nf3 Nc6 4.c3 d5 5.e5 f5 6.d4 Nh6 7.a3 Nf7 8.Be3 Qb6 9.Qd2 Bd7 10.Qf2 c4 11.Bxc4 dxc4 12.d5 Qc7 13.dxc6 Bxc6 14.Bxa7 Bxf3 15.gxf3 g5 16.Be3 gxf4 17.Bxf4 Nxe5 18.Bxe5 Qxe5+ 19.Qe2 Qxe2+ 20.Kxe2 h5 21.Nd2 Rc8 22.Rhg1 Kf7 23.Rg2 Be7 24.Rag1 Bf6 25.Nf1 e5 26.Ne3 Ke6 27.Rd1 Rhg8 28.Rxg8 Rxg8 29.Nxc4 Rg2+ 30.Kd3 Rxh2 31.Rd2 Rh3 32.Ke2 b5 33.Ne3 Rh2+ 34.Ke1 Rxd2 35.Kxd2 Bg5 36.Ke2 Bxe3 37.Kxe3 h4 38.Kf2 e4 39.Kg2 e3 40.Kh3 e2 e3 0-1 
[INFO] [2025-04-19 04:15:22] [main] Completed parsing PGN file. Successfully parsed 3 games.
